[2024.08.17 14:48:33.728 instance] hello!
    application: "veadotube mini" (type "mini", version "2.0a")
    instance id: mini-08dcbecbab0ddea6-000058b8
    args: (none)
    system: Windows x64
    debug build: False
    executable: "C:\Users\user\Desktop\veadotube-mini-win-x64\veadotube_mini.exe"
    lib folder: "lib/"
    app folder: "C:\Users\user\Desktop\veadotube-mini-win-x64"
    user folder: "C:\Users\user\.veadotube"
[2024.08.17 14:48:33.825 user data] loaded WindowData with UserDataFileAgent (mini/window.yaml)
[2024.08.17 14:48:33.976 win32] "dx11" backend init success
[2024.08.17 14:48:33.977 win/ime] locale: 00000409
[2024.08.17 14:48:33.977 win/ime] api file name: ""
[2024.08.17 14:48:33.977 win/ime] api GetReadingString: False
[2024.08.17 14:48:33.977 win/ime] api ShowReadingWindow: False
[2024.08.17 14:48:33.977 win/ime] ime is ready
[2024.08.17 14:48:33.987 dx11] creating shaders...
    vert Fill(0) -> success
    frag Fill(0) -> success
    vert FixAlpha(0) -> success
    frag FixAlpha(0) -> success
    vert MiniCustomSlider(0) -> success
    frag MiniCustomSlider:ColorHue(0) -> success
    frag MiniCustomSlider:ColorSaturation(0) -> success
    frag MiniCustomSlider:ColorValue(0) -> success
    vert MiniEffectsPreview(0) -> success
    frag MiniEffectsPreview(0) -> success
    vert MiniImagePreview(0) -> success
    frag MiniImagePreview(0) -> success
    vert MiniStateFrame(0) -> success
    frag MiniStateFrame(0) -> success
    vert MiniVolumeSlider(0) -> success
    frag MiniVolumeSlider(0) -> success
    vert Quad(0) -> success
    vert Quad(1) -> success
    vert Quad:Multiple(0) -> success
    vert Quad:Multiple(1) -> success
    frag Quad(0) -> success
    frag Quad:Texture(0) -> success
    frag Quad:Texture(1) -> success
    frag Quad:TextureShade(0) -> success
    frag Quad:TextureShade(1) -> success
    frag Quad:Red(0) -> success
    frag Quad:SDF(0) -> success
    frag Quad:SDF2(0) -> success
    vert RoundRect(0) -> success
    frag RoundRect(0) -> success
    frag RoundRect:Multiply(0) -> success
    vert Line(0) -> success
    frag Line(0) -> success
    vert OutputFrame:Src1(0) -> success
    vert OutputFrame:Src1(1) -> success
    frag OutputFrame:Copy(0) -> success
    frag OutputFrame:Blend(0) -> success
    frag OutputFrame:Unmultiply(0) -> success
    frag OutputFrame:UnmultiplyGrid(0) -> success
    frag OutputFrame:Opacity(0) -> success
    frag OutputFrame:OpacityNoise(0) -> success
    frag OutputFrame:DropShadow(0) -> success
    frag OutputFrame:MiniFadeDown(0) -> success
[2024.08.17 14:48:34.300 modules] loading VeadoTube.Text.Fonts
[2024.08.17 14:48:34.564 fonts] loaded from assets:
    Default: 4 font(s)
    Display: 2 font(s)
    Mono: 2 font(s)
    ...with 21 fallback font(s)!
[2024.08.17 14:48:34.564 modules] loaded VeadoTube.Text.Fonts
[2024.08.17 14:48:34.564 modules] loading VeadoTube.Text.Emoji
[2024/08/17 14:48:34.717 modules] loaded VeadoTube.Text.Emoji
[2024/08/17 14:48:34.717 modules] loading VeadoTube.Data.AddOn
[2024/08/17 14:48:34.718 add-on] no add-ons found
[2024/08/17 14:48:34.719 modules] loaded VeadoTube.Data.AddOn
[2024/08/17 14:48:34.719 modules] loading VeadoTube.Text.Language
[2024/08/17 14:48:34.720 language] available languages:
    en: English
    es: español
    pt: português
[2024/08/17 14:48:34.721 language] current language: en: English
[2024/08/17 14:48:34.721 modules] loaded VeadoTube.Text.Language
[2024/08/17 14:48:34.721 modules] loading VeadoTube.Nodes.Module
[2024/08/17 14:48:34.723 nodes] available usages:
    volume() -> (Num)
    voiceActivity() -> (Bool)
    audio() -> (Audio)
    audio.newSamples() -> (Num)
    bitmap() -> (Bitmap)
    neural.silerovad() -> (Num, Num)
    neural.ovrlipsync.viseme() -> (String)
    neural.ovrlipsync.visemeScore(String) -> (Num)
    neural.ovrlipsync.laughter() -> (Num)
    number() -> (Num)
    number2() -> (Num2)
    unit() -> (Num)
    realUnit() -> (Num)
    point() -> (Num2)
    boolean() -> (Bool)
    string() -> (String)
    state() -> (String)
    color() -> (Color)
    input.mouse(Num) -> (Bool)
    input.keyboard(String) -> (Bool)
    input.keyboard.all() -> (String)
    input.gamepad.button(String) -> (Bool)
    input.gamepad.buttonNum(String) -> (Num)
    input.gamepad.stick(String) -> (Num2)
    input.midi.note(Num) -> (Bool)
    input.midi.noteVelocity(Num) -> (Num)
    input.midi.controller(Num) -> (Num)
    input.midi.pitchWheel() -> (Num)
    stateStackEvents() -> (StateStackEvents)
[2024/08/17 14:48:34.723 nodes] available nodes:
    constant.number (number)
    constant.boolean (boolean)
    ipc.stateEvents (stateStackEvents)
    input.microphone (audio)
    input.webcam (bitmap)
    voiceActivityOutput (voiceActivity)
    neural.silerovad (neural.silerovad)
    neural.ovrlipsync (neural.ovrlipsync)
    neural.silerovad::silence (unit)
    neural.silerovad::activity (unit)
    neural.ovrlipsync::viseme (state)
    neural.ovrlipsync::visemeScore (unit)
    neural.ovrlipsync::laughter (unit)
    input.cursor (point)
    input.mouse (input.mouse)
    input.keyboard (input.keyboard)
    input.gamepad (input.gamepad)
    input.midi (input.midi)
    input.mouse::button (boolean)
    input.keyboard::key (boolean)
    input.gamepad::button (boolean, unit)
    input.gamepad::stick (point)
    input.midi::note (boolean, unit)
    input.midi::controller (unit)
    input.midi::pitchWheel (realUnit)
    state.stack (state)
    state.signalEvents (stateStackEvents)
[2024/08/17 14:48:34.723 modules] loaded VeadoTube.Nodes.Module
[2024/08/17 14:48:34.723 modules] loading VeadoTube.IPC
[2024/08/17 14:48:34.723 modules] loaded VeadoTube.IPC
[2024/08/17 14:48:34.726 user data] loaded DataFile with UserDataFileAgent (mini/data.yaml)
[2024/08/17 14:48:34.728 mini data] loaded data file from version 2.0a
[2024/08/17 14:48:34.728 mini data] attempting to load avatar from autosave
[2024/08/17 14:48:34.736 user data] loaded VeadoFile:autosave with UserDataFileAgent (mini/autosave.veado)
[2024/08/17 14:48:34.740 mini data] avatar loaded
[2024/08/17 14:48:34.752 nodes] agent of type StateStackAgent is enabled
[2024/08/17 14:48:34.753 nodes] agent of type IPCStateEventsAgent is enabled
[2024/08/17 14:48:34.753 nodes] agent of type MicrophoneWASAPIAgent is enabled
[2024/08/17 14:48:34.755 node graph] rebuild graph components: 0.02090 ms
[2024/08/17 14:48:34.755 nodes] agent of type SignalStateEventsAgent is enabled
[2024/08/17 14:48:34.756 nodes] agent of type ConstantNumberAgent is enabled
[2024/08/17 14:48:34.757 nodes] agent of type VoiceActivityOutputAgent is enabled
[2024/08/17 14:48:34.757 node graph] rebuild node instances: 2.70020 ms
[2024/08/17 14:48:34.761 wasapi] created enumerator
[2024/08/17 14:48:34.762 wasapi] updating endpoint list
[2024/08/17 14:48:34.764 ipc] serving at 127.0.0.1:56390
[2024/08/17 14:48:34.776 node graph] rebuild node instances: 0.08760 ms
[2024/08/17 14:48:34.776 wasapi] Микрофон (Realtek(R) Audio): new id is {0.0.1.00000000}.{87ac4758-7420-418d-b9fc-b66f2faa5c7f}
[2024/08/17 14:48:34.776 wasapi] Микрофон (Realtek(R) Audio): created device
[2024/08/17 14:48:34.778 wasapi] Микрофон (Realtek(R) Audio): created audio client
[2024/08/17 14:48:34.778 wasapi] Микрофон (Realtek(R) Audio): mix format: FFFE, 2 ch, 48000 hz, 32 bpsample, 384000 bpsec, align 8
    KSDATAFORMAT_SUBTYPE_IEEE_FLOAT, ch mask 0-1, 32 samples/block or bits/sample
[2024/08/17 14:48:34.779 wasapi] Микрофон (Realtek(R) Audio): attempting compatibility (1 of 3): ok!
    raw format: 0003, 2 ch, 48000 hz, 32 bpsample, 384000 bpsec, align 8
[2024/08/17 14:48:34.779 wasapi] Микрофон (Realtek(R) Audio): chosen format: ch(Left, Right), 48000 hz, Float32LR
[2024/08/17 14:48:34.797 wasapi] Микрофон (Realtek(R) Audio): initialized client
[2024/08/17 14:48:34.797 wasapi] Микрофон (Realtek(R) Audio): fetched buffer size: 1056
[2024/08/17 14:48:34.797 wasapi] Микрофон (Realtek(R) Audio): event handle is set
[2024/08/17 14:48:34.797 wasapi] Микрофон (Realtek(R) Audio): created capture client
[2024/08/17 14:48:34.799 wasapi] Микрофон (Realtek(R) Audio): started capture
[2024/08/17 14:48:34.799 wasapi] Микрофон (Realtek(R) Audio): starting task
[2024/08/17 14:48:36.069 text parser] reloading strings
[2024/08/17 14:48:36.069 text files] reading en files from assets (3 file(s))
[2024/08/17 14:48:36.070 yaml] deserialization took 0.3822 ms
[2024/08/17 14:48:36.070 yaml] deserialization took 0.2334 ms
[2024/08/17 14:48:36.071 yaml] deserialization took 0.1553 ms
[2024/08/17 14:48:36.071 text files] reading en files from assets (3 file(s))
[2024/08/17 14:48:36.071 yaml] deserialization took 0.1924 ms
[2024/08/17 14:48:36.071 yaml] deserialization took 0.0473 ms
[2024/08/17 14:48:36.071 yaml] deserialization took 0.0637 ms
[2024/08/17 14:48:39.768 user data] saving WindowData with UserDataFileAgent (mini/window.yaml)
[2024/08/17 14:48:39.768 yaml] serialization took 0.0355 ms
[2024/08/17 14:48:39.786 user data] save: success; WindowData with UserDataFileAgent (mini/window.yaml)
[2024/08/17 14:58:21.968 wasapi] event OnPropertyValueChanged: {0.0.0.00000000}.{f9747cc1-097c-4d06-b13d-ad3b06851b7a} 9855c4cd-df8c-449c-a181-8191b68bd06c 1
[2024/08/17 14:58:21.969 wasapi] event OnPropertyValueChanged: {0.0.0.00000000}.{f9747cc1-097c-4d06-b13d-ad3b06851b7a} 9855c4cd-df8c-449c-a181-8191b68bd06c 0
[2024/08/17 14:58:21.976 wasapi] updating endpoint list
[2024/08/17 14:59:36.701 wasapi] event OnPropertyValueChanged: {0.0.0.00000000}.{f9747cc1-097c-4d06-b13d-ad3b06851b7a} 9855c4cd-df8c-449c-a181-8191b68bd06c 1
[2024/08/17 14:59:36.708 wasapi] updating endpoint list
[2024/08/17 14:59:37.151 wasapi] event OnPropertyValueChanged: {0.0.0.00000000}.{f9747cc1-097c-4d06-b13d-ad3b06851b7a} 9855c4cd-df8c-449c-a181-8191b68bd06c 0
[2024/08/17 14:59:37.161 wasapi] updating endpoint list
[2024/08/17 14:59:41.383 wasapi] event OnPropertyValueChanged: {0.0.0.00000000}.{f9747cc1-097c-4d06-b13d-ad3b06851b7a} 9855c4cd-df8c-449c-a181-8191b68bd06c 0
[2024/08/17 14:59:41.390 wasapi] updating endpoint list
[2024/08/17 15:03:30.503 wasapi] event OnPropertyValueChanged: {0.0.0.00000000}.{f9747cc1-097c-4d06-b13d-ad3b06851b7a} 9855c4cd-df8c-449c-a181-8191b68bd06c 0
[2024/08/17 15:03:30.522 wasapi] updating endpoint list
[2024/08/17 15:07:15.140 wasapi] event OnPropertyValueChanged: {0.0.0.00000000}.{f9747cc1-097c-4d06-b13d-ad3b06851b7a} 9855c4cd-df8c-449c-a181-8191b68bd06c 0
[2024/08/17 15:07:15.150 wasapi] updating endpoint list
[2024/08/17 15:34:05.144 wasapi] event OnPropertyValueChanged: {0.0.0.00000000}.{f9747cc1-097c-4d06-b13d-ad3b06851b7a} 9855c4cd-df8c-449c-a181-8191b68bd06c 0
[2024/08/17 15:34:05.155 wasapi] updating endpoint list
[2024/08/17 16:23:22.475 wasapi] event OnPropertyValueChanged: {0.0.0.00000000}.{f9747cc1-097c-4d06-b13d-ad3b06851b7a} 9855c4cd-df8c-449c-a181-8191b68bd06c 0
[2024/08/17 16:23:22.490 wasapi] updating endpoint list
[2024/08/17 16:31:04.815 wasapi] event OnPropertyValueChanged: {0.0.0.00000000}.{f9747cc1-097c-4d06-b13d-ad3b06851b7a} 9855c4cd-df8c-449c-a181-8191b68bd06c 0
[2024/08/17 16:31:04.833 wasapi] updating endpoint list
[2024/08/17 16:31:06.555 wasapi] event OnPropertyValueChanged: {0.0.0.00000000}.{f9747cc1-097c-4d06-b13d-ad3b06851b7a} 9855c4cd-df8c-449c-a181-8191b68bd06c 0
[2024/08/17 16:31:06.565 wasapi] updating endpoint list
[2024/08/17 16:33:42.731 wasapi] event OnPropertyValueChanged: {0.0.0.00000000}.{f9747cc1-097c-4d06-b13d-ad3b06851b7a} 9855c4cd-df8c-449c-a181-8191b68bd06c 0
[2024/08/17 16:33:42.746 wasapi] updating endpoint list
[2024/08/17 16:37:12.600 wasapi] event OnPropertyValueChanged: {0.0.0.00000000}.{f9747cc1-097c-4d06-b13d-ad3b06851b7a} 9855c4cd-df8c-449c-a181-8191b68bd06c 0
[2024/08/17 16:37:12.609 wasapi] updating endpoint list
[2024/08/17 17:36:51.937 wasapi] event OnPropertyValueChanged: {0.0.0.00000000}.{f9747cc1-097c-4d06-b13d-ad3b06851b7a} 9855c4cd-df8c-449c-a181-8191b68bd06c 0
[2024/08/17 17:36:51.948 wasapi] updating endpoint list
[2024/08/17 17:39:16.422 wasapi] event OnPropertyValueChanged: {0.0.0.00000000}.{f9747cc1-097c-4d06-b13d-ad3b06851b7a} 9855c4cd-df8c-449c-a181-8191b68bd06c 0
[2024/08/17 17:39:16.430 wasapi] updating endpoint list
[2024/08/17 17:58:34.275 wasapi] event OnPropertyValueChanged: {0.0.0.00000000}.{f9747cc1-097c-4d06-b13d-ad3b06851b7a} 9855c4cd-df8c-449c-a181-8191b68bd06c 0
[2024/08/17 17:58:34.291 wasapi] updating endpoint list
[2024/08/17 18:19:21.591 wasapi] event OnPropertyValueChanged: {0.0.0.00000000}.{f9747cc1-097c-4d06-b13d-ad3b06851b7a} 9855c4cd-df8c-449c-a181-8191b68bd06c 0
[2024/08/17 18:19:21.604 wasapi] updating endpoint list
[2024/08/17 18:19:39.522 wasapi] event OnPropertyValueChanged: {0.0.0.00000000}.{f9747cc1-097c-4d06-b13d-ad3b06851b7a} 9855c4cd-df8c-449c-a181-8191b68bd06c 0
[2024/08/17 18:19:39.537 wasapi] updating endpoint list
[2024/08/17 18:19:53.809 wasapi] event OnPropertyValueChanged: {0.0.0.00000000}.{f9747cc1-097c-4d06-b13d-ad3b06851b7a} 9855c4cd-df8c-449c-a181-8191b68bd06c 0
[2024/08/17 18:19:53.820 wasapi] updating endpoint list
[2024/08/17 19:53:23.172 wasapi] event OnPropertyValueChanged: {0.0.0.00000000}.{f9747cc1-097c-4d06-b13d-ad3b06851b7a} 9855c4cd-df8c-449c-a181-8191b68bd06c 0
[2024/08/17 19:53:23.178 wasapi] updating endpoint list
[2024/08/17 20:27:36.958 wasapi] event OnPropertyValueChanged: {0.0.0.00000000}.{f9747cc1-097c-4d06-b13d-ad3b06851b7a} 9855c4cd-df8c-449c-a181-8191b68bd06c 0
[2024/08/17 20:27:36.959 wasapi] updating endpoint list
[2024/08/17 20:27:48.383 wasapi] event OnPropertyValueChanged: {0.0.0.00000000}.{f9747cc1-097c-4d06-b13d-ad3b06851b7a} 9855c4cd-df8c-449c-a181-8191b68bd06c 0
[2024/08/17 20:27:48.392 wasapi] updating endpoint list
